2017/11/30 14:37:10 にビルドを開始しました。
     1>ノード 2 上のプロジェクト "C:\Users\mobiledev\Source\Repos\GLFW\GLFW.vsproj\GLFW.vsproj\GLFW.vsproj.vcxproj" (Build ターゲット)。
     1>ClCompile:
         C:\Program Files (x86)\Microsoft Visual Studio 12.0\VC\bin\x86_amd64\CL.exe /c /Zi /nologo /W3 /WX- /sdl /O2 /Oi /GL /D WIN32 /D NDEBUG /D _CONSOLE /D _LIB /D _UNICODE /D UNICODE /Gm- /EHsc /MD /GS /Gy /fp:precise /Zc:wchar_t /Zc:forScope /Fo"x64\Release\\" /Fd"x64\Release\vc120.pdb" /Gd /TP /errorReport:prompt ..\..\main.cpp
         main.cpp
     1>c:\users\mobiledev\source\repos\glfw\GLUtils.hpp(58): warning C4244: '引数' : 'GLint' から 'GLfloat' への変換です。データが失われる可能性があります。
     1>c:\users\mobiledev\source\repos\glfw\GLUtils.hpp(68): warning C4244: '引数' : 'GLint' から 'GLfloat' への変換です。データが失われる可能性があります。
     1>c:\users\mobiledev\source\repos\glfw\GLBmpLoader.hpp(39): warning C4267: '=' : 'size_t' から 'unsigned long' に変換しました。データが失われているかもしれません。
     1>c:\users\mobiledev\source\repos\glfw\GLBmpLoader.hpp(44): warning C4267: '=' : 'size_t' から 'unsigned long' に変換しました。データが失われているかもしれません。
     1>c:\users\mobiledev\source\repos\glfw\GLBmpLoader.hpp(61): warning C4267: '=' : 'size_t' から 'unsigned long' に変換しました。データが失われているかもしれません。
     1>c:\users\mobiledev\source\repos\glfw\GLBmpLoader.hpp(78): warning C4267: '=' : 'size_t' から 'unsigned long' に変換しました。データが失われているかもしれません。
     1>..\..\main.cpp(80): warning C4244: '引数' : 'const GLfloat' から 'int' への変換です。データが失われる可能性があります。
       Link:
         C:\Program Files (x86)\Microsoft Visual Studio 12.0\VC\bin\x86_amd64\link.exe /ERRORREPORT:PROMPT /OUT:"C:\Users\mobiledev\Source\Repos\GLFW\GLFW.vsproj\x64\Release\GLFW.vsproj.exe" /INCREMENTAL:NO /NOLOGO glfw3.lib opengl32.lib kernel32.lib user32.lib gdi32.lib winspool.lib comdlg32.lib advapi32.lib shell32.lib ole32.lib oleaut32.lib uuid.lib odbc32.lib odbccp32.lib /MANIFEST /MANIFESTUAC:"level='asInvoker' uiAccess='false'" /manifest:embed /DEBUG /PDB:"C:\Users\mobiledev\Source\Repos\GLFW\GLFW.vsproj\x64\Release\GLFW.vsproj.pdb" /SUBSYSTEM:CONSOLE /OPT:REF /OPT:ICF /LTCG /TLBID:1 /DYNAMICBASE /NXCOMPAT /IMPLIB:"C:\Users\mobiledev\Source\Repos\GLFW\GLFW.vsproj\x64\Release\GLFW.vsproj.lib" /MACHINE:X64 x64\Release\main.obj
         コード生成しています。
         コード生成が終了しました。
         GLFW.vsproj.vcxproj -> C:\Users\mobiledev\Source\Repos\GLFW\GLFW.vsproj\x64\Release\GLFW.vsproj.exe
     1>プロジェクト "C:\Users\mobiledev\Source\Repos\GLFW\GLFW.vsproj\GLFW.vsproj\GLFW.vsproj.vcxproj" (Build ターゲット) のビルドが完了しました。

ビルドに成功しました。

経過時間 00:00:00.78
