2017/11/30 15:23:01 にビルドを開始しました。
     1>ノード 2 上のプロジェクト "C:\Users\mobiledev\Source\Repos\GLFW\GLFW.vsproj\GLFW.vsproj\GLFW.vsproj.vcxproj" (Build ターゲット)。
     1>ClCompile:
         C:\Program Files (x86)\Microsoft Visual Studio 12.0\VC\bin\CL.exe /c /Zi /nologo /W3 /WX- /sdl /O2 /Oi /Oy- /GL /D WIN32 /D NDEBUG /D _CONSOLE /D _LIB /D _UNICODE /D UNICODE /Gm- /EHsc /MD /GS /Gy /fp:precise /Zc:wchar_t /Zc:forScope /Fo"Release\\" /Fd"Release\vc120.pdb" /Gd /TP /analyze- /errorReport:prompt ..\..\main.cpp
         main.cpp
     1>c:\users\mobiledev\source\repos\glfw\GLUtils.hpp(58): warning C4244: '引数' : 'GLint' から 'GLfloat' への変換です。データが失われる可能性があります。
     1>c:\users\mobiledev\source\repos\glfw\GLUtils.hpp(68): warning C4244: '引数' : 'GLint' から 'GLfloat' への変換です。データが失われる可能性があります。
       Link:
         C:\Program Files (x86)\Microsoft Visual Studio 12.0\VC\bin\link.exe /ERRORREPORT:PROMPT /OUT:"C:\Users\mobiledev\Source\Repos\GLFW\GLFW.vsproj\Release\GLFW.vsproj.exe" /INCREMENTAL:NO /NOLOGO kernel32.lib user32.lib gdi32.lib winspool.lib comdlg32.lib advapi32.lib shell32.lib ole32.lib oleaut32.lib uuid.lib odbc32.lib odbccp32.lib /MANIFEST /MANIFESTUAC:"level='asInvoker' uiAccess='false'" /manifest:embed /DEBUG /PDB:"C:\Users\mobiledev\Source\Repos\GLFW\GLFW.vsproj\Release\GLFW.vsproj.pdb" /SUBSYSTEM:CONSOLE /OPT:REF /OPT:ICF /LTCG /TLBID:1 /DYNAMICBASE /NXCOMPAT /IMPLIB:"C:\Users\mobiledev\Source\Repos\GLFW\GLFW.vsproj\Release\GLFW.vsproj.lib" /MACHINE:X86 /SAFESEH Release\main.obj
     1>main.obj : error LNK2001: 外部シンボル "_glfwWindowShouldClose" は未解決です。
     1>main.obj : error LNK2001: 外部シンボル "__imp__glClear@4" は未解決です。
     1>main.obj : error LNK2001: 外部シンボル "_glfwSetKeyCallback" は未解決です。
     1>main.obj : error LNK2001: 外部シンボル "_glfwInit" は未解決です。
     1>main.obj : error LNK2001: 外部シンボル "_glfwSetCursorPosCallback" は未解決です。
     1>main.obj : error LNK2001: 外部シンボル "__imp__glTexParameterf@12" は未解決です。
     1>main.obj : error LNK2001: 外部シンボル "__imp__glTexCoord2f@8" は未解決です。
     1>main.obj : error LNK2001: 外部シンボル "__imp__glPixelStorei@8" は未解決です。
     1>main.obj : error LNK2001: 外部シンボル "__imp__glEnd@0" は未解決です。
     1>main.obj : error LNK2001: 外部シンボル "__imp__glBindTexture@8" は未解決です。
     1>main.obj : error LNK2001: 外部シンボル "_glfwCreateWindow" は未解決です。
     1>main.obj : error LNK2001: 外部シンボル "__imp__glVertex2d@16" は未解決です。
     1>main.obj : error LNK2001: 外部シンボル "__imp__glTexImage2D@36" は未解決です。
     1>main.obj : error LNK2001: 外部シンボル "_glfwMakeContextCurrent" は未解決です。
     1>main.obj : error LNK2001: 外部シンボル "__imp__glDisable@4" は未解決です。
     1>main.obj : error LNK2001: 外部シンボル "__imp__glBegin@4" は未解決です。
     1>main.obj : error LNK2001: 外部シンボル "__imp__glColor3d@24" は未解決です。
     1>main.obj : error LNK2001: 外部シンボル "__imp__glTexParameteri@12" は未解決です。
     1>main.obj : error LNK2001: 外部シンボル "_glfwSwapBuffers" は未解決です。
     1>main.obj : error LNK2001: 外部シンボル "__imp__glVertex3f@12" は未解決です。
     1>main.obj : error LNK2001: 外部シンボル "_glfwPollEvents" は未解決です。
     1>main.obj : error LNK2001: 外部シンボル "__imp__glEnable@4" は未解決です。
     1>main.obj : error LNK2001: 外部シンボル "_glfwSetWindowShouldClose" は未解決です。
     1>main.obj : error LNK2001: 外部シンボル "_glfwTerminate" は未解決です。
     1>main.obj : error LNK2001: 外部シンボル "_glfwSetErrorCallback" は未解決です。
     1>main.obj : error LNK2001: 外部シンボル "__imp__glFlush@0" は未解決です。
     1>main.obj : error LNK2001: 外部シンボル "__imp__glGenTextures@8" は未解決です。
     1>C:\Users\mobiledev\Source\Repos\GLFW\GLFW.vsproj\Release\GLFW.vsproj.exe : fatal error LNK1120: 27 件の未解決の外部参照
     1>プロジェクト "C:\Users\mobiledev\Source\Repos\GLFW\GLFW.vsproj\GLFW.vsproj\GLFW.vsproj.vcxproj" (Build ターゲット) のビルドが終了しました -- 失敗。

ビルドに失敗しました。

経過時間 00:00:00.69
