2018/05/30 16:38:55 にビルドを開始しました。
     1>ノード 2 上のプロジェクト "C:\Users\mobiledev\Source\Repos\GLFW\GLFW.vsproj\GLFW.vsproj\GLFW.vsproj.vcxproj" (Build ターゲット)。
     1>ClCompile:
         C:\Program Files (x86)\Microsoft Visual Studio 12.0\VC\bin\x86_amd64\CL.exe /c /Zi /nologo /W3 /WX- /sdl /Od /D WIN32 /D _DEBUG /D _CONSOLE /D _LIB /D _UNICODE /D UNICODE /Gm /EHsc /RTC1 /MTd /GS /fp:precise /Zc:wchar_t /Zc:forScope /Fo"x64\Debug\\" /Fd"x64\Debug\vc120.pdb" /Gd /TC /errorReport:prompt ..\..\libpng\adler32.c ..\..\libpng\compress.c ..\..\libpng\crc32.c ..\..\libpng\deflate.c ..\..\libpng\gzclose.c ..\..\libpng\gzlib.c ..\..\libpng\gzread.c ..\..\libpng\gzwrite.c ..\..\libpng\infback.c ..\..\libpng\inffast.c ..\..\libpng\inflate.c ..\..\libpng\inftrees.c ..\..\libpng\png.c ..\..\libpng\pngerror.c ..\..\libpng\pngget.c ..\..\libpng\pngmem.c ..\..\libpng\pngpread.c ..\..\libpng\pngread.c ..\..\libpng\pngrio.c ..\..\libpng\pngrtran.c ..\..\libpng\pngrutil.c ..\..\libpng\pngset.c ..\..\libpng\pngtrans.c ..\..\libpng\pngwio.c ..\..\libpng\pngwrite.c ..\..\libpng\pngwtran.c ..\..\libpng\pngwutil.c ..\..\libpng\trees.c ..\..\libpng\uncompr.c ..\..\libpng\zutil.c
         zutil.c
         uncompr.c
         trees.c
         pngwutil.c
         pngwtran.c
         pngwrite.c
         pngwio.c
         pngtrans.c
         pngset.c
         pngrutil.c
         pngrtran.c
         pngrio.c
         pngread.c
         pngpread.c
         pngmem.c
         pngget.c
         pngerror.c
         png.c
         inftrees.c
         inflate.c
         コードを生成中...
         コンパイル中...
         inffast.c
         infback.c
         gzwrite.c
         gzread.c
         gzlib.c
         gzclose.c
         deflate.c
         crc32.c
         compress.c
         adler32.c
         コードを生成中...
         C:\Program Files (x86)\Microsoft Visual Studio 12.0\VC\bin\x86_amd64\CL.exe /c /Zi /nologo /W3 /WX- /sdl /Od /D WIN32 /D _DEBUG /D _CONSOLE /D _LIB /D _UNICODE /D UNICODE /Gm /EHsc /RTC1 /MTd /GS /fp:precise /Zc:wchar_t /Zc:forScope /Fo"x64\Debug\\" /Fd"x64\Debug\vc120.pdb" /Gd /TP /errorReport:prompt ..\..\main.cpp
         main.cpp
       Link:
         C:\Program Files (x86)\Microsoft Visual Studio 12.0\VC\bin\x86_amd64\link.exe /ERRORREPORT:PROMPT /OUT:"C:\Users\mobiledev\Source\Repos\GLFW\GLFW.vsproj\x64\Debug\GLFW.vsproj.exe" /INCREMENTAL:NO /NOLOGO /LTCG:NOSTATUS zlib.lib libpng16.lib glew32.lib glfw3.lib opengl32.lib kernel32.lib user32.lib gdi32.lib winspool.lib comdlg32.lib advapi32.lib shell32.lib ole32.lib oleaut32.lib uuid.lib odbc32.lib odbccp32.lib /MANIFEST /MANIFESTUAC:"level='asInvoker' uiAccess='false'" /manifest:embed /DEBUG /PDB:"C:\Users\mobiledev\Source\Repos\GLFW\GLFW.vsproj\x64\Debug\GLFW.vsproj.pdb" /SUBSYSTEM:CONSOLE /TLBID:1 /DYNAMICBASE /NXCOMPAT /IMPLIB:"C:\Users\mobiledev\Source\Repos\GLFW\GLFW.vsproj\x64\Debug\GLFW.vsproj.lib" /MACHINE:X64 x64\Debug\adler32.obj
         x64\Debug\compress.obj
         x64\Debug\crc32.obj
         x64\Debug\deflate.obj
         x64\Debug\gzclose.obj
         x64\Debug\gzlib.obj
         x64\Debug\gzread.obj
         x64\Debug\gzwrite.obj
         x64\Debug\infback.obj
         x64\Debug\inffast.obj
         x64\Debug\inflate.obj
         x64\Debug\inftrees.obj
         x64\Debug\png.obj
         x64\Debug\pngerror.obj
         x64\Debug\pngget.obj
         x64\Debug\pngmem.obj
         x64\Debug\pngpread.obj
         x64\Debug\pngread.obj
         x64\Debug\pngrio.obj
         x64\Debug\pngrtran.obj
         x64\Debug\pngrutil.obj
         x64\Debug\pngset.obj
         x64\Debug\pngtrans.obj
         x64\Debug\pngwio.obj
         x64\Debug\pngwrite.obj
         x64\Debug\pngwtran.obj
         x64\Debug\pngwutil.obj
         x64\Debug\trees.obj
         x64\Debug\uncompr.obj
         x64\Debug\zutil.obj
         x64\Debug\main.obj
         LINK : /LTCG が指定されましたが、コードの生成は必要ありません。リンク コマンド ラインから /LTCG を削除し、リンカーの性能を改善してください。
         GLFW.vsproj.vcxproj -> C:\Users\mobiledev\Source\Repos\GLFW\GLFW.vsproj\x64\Debug\GLFW.vsproj.exe
     1>プロジェクト "C:\Users\mobiledev\Source\Repos\GLFW\GLFW.vsproj\GLFW.vsproj\GLFW.vsproj.vcxproj" (Build ターゲット) のビルドが完了しました。

ビルドに成功しました。

経過時間 00:00:06.40
