c:\users\mobiledev\source\repos\glfw\glfw.vsproj\glfw.vsproj\x64\debug\vc120.pdb
c:\users\mobiledev\source\repos\glfw\glfw.vsproj\glfw.vsproj\x64\debug\vc120.idb
c:\users\mobiledev\source\repos\glfw\glfw.vsproj\glfw.vsproj\x64\debug\main.obj
c:\users\mobiledev\source\repos\glfw\glfw.vsproj\glfw.vsproj\x64\debug\inftrees.obj
c:\users\mobiledev\source\repos\glfw\glfw.vsproj\glfw.vsproj\x64\debug\png.obj
c:\users\mobiledev\source\repos\glfw\glfw.vsproj\glfw.vsproj\x64\debug\pngerror.obj
c:\users\mobiledev\source\repos\glfw\glfw.vsproj\glfw.vsproj\x64\debug\pngget.obj
c:\users\mobiledev\source\repos\glfw\glfw.vsproj\glfw.vsproj\x64\debug\pngmem.obj
c:\users\mobiledev\source\repos\glfw\glfw.vsproj\glfw.vsproj\x64\debug\pngpread.obj
c:\users\mobiledev\source\repos\glfw\glfw.vsproj\glfw.vsproj\x64\debug\pngread.obj
c:\users\mobiledev\source\repos\glfw\glfw.vsproj\glfw.vsproj\x64\debug\pngrio.obj
c:\users\mobiledev\source\repos\glfw\glfw.vsproj\glfw.vsproj\x64\debug\pngrtran.obj
c:\users\mobiledev\source\repos\glfw\glfw.vsproj\glfw.vsproj\x64\debug\pngrutil.obj
c:\users\mobiledev\source\repos\glfw\glfw.vsproj\glfw.vsproj\x64\debug\pngset.obj
c:\users\mobiledev\source\repos\glfw\glfw.vsproj\glfw.vsproj\x64\debug\pngtest.obj
c:\users\mobiledev\source\repos\glfw\glfw.vsproj\glfw.vsproj\x64\debug\pngtrans.obj
c:\users\mobiledev\source\repos\glfw\glfw.vsproj\glfw.vsproj\x64\debug\pngwio.obj
c:\users\mobiledev\source\repos\glfw\glfw.vsproj\glfw.vsproj\x64\debug\pngwrite.obj
c:\users\mobiledev\source\repos\glfw\glfw.vsproj\glfw.vsproj\x64\debug\pngwtran.obj
c:\users\mobiledev\source\repos\glfw\glfw.vsproj\glfw.vsproj\x64\debug\pngwutil.obj
c:\users\mobiledev\source\repos\glfw\glfw.vsproj\glfw.vsproj\x64\debug\trees.obj
c:\users\mobiledev\source\repos\glfw\glfw.vsproj\glfw.vsproj\x64\debug\uncompr.obj
c:\users\mobiledev\source\repos\glfw\glfw.vsproj\glfw.vsproj\x64\debug\zutil.obj
c:\users\mobiledev\source\repos\glfw\glfw.vsproj\glfw.vsproj\x64\debug\adler32.obj
c:\users\mobiledev\source\repos\glfw\glfw.vsproj\glfw.vsproj\x64\debug\compress.obj
c:\users\mobiledev\source\repos\glfw\glfw.vsproj\glfw.vsproj\x64\debug\crc32.obj
c:\users\mobiledev\source\repos\glfw\glfw.vsproj\glfw.vsproj\x64\debug\deflate.obj
c:\users\mobiledev\source\repos\glfw\glfw.vsproj\glfw.vsproj\x64\debug\gzclose.obj
c:\users\mobiledev\source\repos\glfw\glfw.vsproj\glfw.vsproj\x64\debug\infback.obj
c:\users\mobiledev\source\repos\glfw\glfw.vsproj\glfw.vsproj\x64\debug\inffast.obj
c:\users\mobiledev\source\repos\glfw\glfw.vsproj\glfw.vsproj\x64\debug\inflate.obj
c:\users\mobiledev\source\repos\glfw\glfw.vsproj\glfw.vsproj\x64\debug\gzread.obj
c:\users\mobiledev\source\repos\glfw\glfw.vsproj\glfw.vsproj\x64\debug\gzlib.obj
c:\users\mobiledev\source\repos\glfw\glfw.vsproj\glfw.vsproj\x64\debug\gzwrite.obj
c:\users\mobiledev\source\repos\glfw\glfw.vsproj\x64\debug\glfw.vsproj.exe
c:\users\mobiledev\source\repos\glfw\glfw.vsproj\x64\debug\glfw.vsproj.pdb
c:\users\mobiledev\source\repos\glfw\glfw.vsproj\glfw.vsproj\x64\debug\glfw.vsproj.tlog\cl.command.1.tlog
c:\users\mobiledev\source\repos\glfw\glfw.vsproj\glfw.vsproj\x64\debug\glfw.vsproj.tlog\cl.read.1.tlog
c:\users\mobiledev\source\repos\glfw\glfw.vsproj\glfw.vsproj\x64\debug\glfw.vsproj.tlog\cl.write.1.tlog
c:\users\mobiledev\source\repos\glfw\glfw.vsproj\glfw.vsproj\x64\debug\glfw.vsproj.tlog\link.command.1.tlog
c:\users\mobiledev\source\repos\glfw\glfw.vsproj\glfw.vsproj\x64\debug\glfw.vsproj.tlog\link.read.1.tlog
c:\users\mobiledev\source\repos\glfw\glfw.vsproj\glfw.vsproj\x64\debug\glfw.vsproj.tlog\link.write.1.tlog
